13:19:16.513 [main] INFO  org.testng.internal.Utils -%PARSER_ERROR[kvp]- [TestNG] Running:
  C:\Users\Tetiana\Documents\AIT\QA\QA60_DemoQAwithMaven\src\test\resources\textBox.xml

13:19:19.803 [main] INFO  com.demoqa.tests.TestBase -%PARSER_ERROR[kvp]- Start test: keyBoardEventTest
13:19:19.843 [main] INFO  com.demoqa.utils.MyListener -%PARSER_ERROR[kvp]- The locator will find By.cssSelector: .card:nth-child(1)
13:19:19.844 [main] INFO  com.demoqa.utils.MyListener -%PARSER_ERROR[kvp]- *********************************
13:19:19.901 [main] INFO  com.demoqa.utils.MyListener -%PARSER_ERROR[kvp]- The locator is By.cssSelector: .card:nth-child(1)
13:19:19.901 [main] INFO  com.demoqa.utils.MyListener -%PARSER_ERROR[kvp]- *********************************
13:19:20.073 [main] INFO  com.demoqa.utils.MyListener -%PARSER_ERROR[kvp]- The locator will find By.xpath: //span[.='Text Box']
13:19:20.074 [main] INFO  com.demoqa.utils.MyListener -%PARSER_ERROR[kvp]- *********************************
13:19:20.147 [main] INFO  com.demoqa.utils.MyListener -%PARSER_ERROR[kvp]- The locator is By.xpath: //span[.='Text Box']
13:19:20.147 [main] INFO  com.demoqa.utils.MyListener -%PARSER_ERROR[kvp]- *********************************
13:19:20.301 [main] INFO  com.demoqa.utils.MyListener -%PARSER_ERROR[kvp]- The locator will find By.id: userName
13:19:20.301 [main] INFO  com.demoqa.utils.MyListener -%PARSER_ERROR[kvp]- *********************************
13:19:20.360 [main] INFO  com.demoqa.utils.MyListener -%PARSER_ERROR[kvp]- The locator is By.id: userName
13:19:20.360 [main] INFO  com.demoqa.utils.MyListener -%PARSER_ERROR[kvp]- *********************************
13:19:20.444 [main] INFO  com.demoqa.utils.MyListener -%PARSER_ERROR[kvp]- The locator will find By.id: userName
13:19:20.444 [main] INFO  com.demoqa.utils.MyListener -%PARSER_ERROR[kvp]- *********************************
13:19:20.464 [main] INFO  com.demoqa.utils.MyListener -%PARSER_ERROR[kvp]- The locator is By.id: userName
13:19:20.464 [main] INFO  com.demoqa.utils.MyListener -%PARSER_ERROR[kvp]- *********************************
13:19:20.496 [main] INFO  com.demoqa.utils.MyListener -%PARSER_ERROR[kvp]- The locator will find By.id: userName
13:19:20.496 [main] INFO  com.demoqa.utils.MyListener -%PARSER_ERROR[kvp]- *********************************
13:19:20.525 [main] INFO  com.demoqa.utils.MyListener -%PARSER_ERROR[kvp]- The locator is By.id: userName
13:19:20.525 [main] INFO  com.demoqa.utils.MyListener -%PARSER_ERROR[kvp]- *********************************
13:19:20.629 [main] INFO  com.demoqa.utils.MyListener -%PARSER_ERROR[kvp]- The locator will find By.id: userEmail
13:19:20.629 [main] INFO  com.demoqa.utils.MyListener -%PARSER_ERROR[kvp]- *********************************
13:19:20.645 [main] INFO  com.demoqa.utils.MyListener -%PARSER_ERROR[kvp]- The locator is By.id: userEmail
13:19:20.645 [main] INFO  com.demoqa.utils.MyListener -%PARSER_ERROR[kvp]- *********************************
13:19:20.711 [main] INFO  com.demoqa.utils.MyListener -%PARSER_ERROR[kvp]- The locator will find By.id: userEmail
13:19:20.711 [main] INFO  com.demoqa.utils.MyListener -%PARSER_ERROR[kvp]- *********************************
13:19:20.730 [main] INFO  com.demoqa.utils.MyListener -%PARSER_ERROR[kvp]- The locator is By.id: userEmail
13:19:20.731 [main] INFO  com.demoqa.utils.MyListener -%PARSER_ERROR[kvp]- *********************************
13:19:20.771 [main] INFO  com.demoqa.utils.MyListener -%PARSER_ERROR[kvp]- The locator will find By.id: userEmail
13:19:20.772 [main] INFO  com.demoqa.utils.MyListener -%PARSER_ERROR[kvp]- *********************************
13:19:20.790 [main] INFO  com.demoqa.utils.MyListener -%PARSER_ERROR[kvp]- The locator is By.id: userEmail
13:19:20.791 [main] INFO  com.demoqa.utils.MyListener -%PARSER_ERROR[kvp]- *********************************
13:19:20.846 [main] INFO  com.demoqa.utils.MyListener -%PARSER_ERROR[kvp]- The locator will find By.id: currentAddress
13:19:20.847 [main] INFO  com.demoqa.utils.MyListener -%PARSER_ERROR[kvp]- *********************************
13:19:20.911 [main] INFO  com.demoqa.utils.MyListener -%PARSER_ERROR[kvp]- The locator is By.id: currentAddress
13:19:20.911 [main] INFO  com.demoqa.utils.MyListener -%PARSER_ERROR[kvp]- *********************************
13:19:20.968 [main] INFO  com.demoqa.utils.MyListener -%PARSER_ERROR[kvp]- The locator will find By.id: currentAddress
13:19:20.968 [main] INFO  com.demoqa.utils.MyListener -%PARSER_ERROR[kvp]- *********************************
13:19:20.991 [main] INFO  com.demoqa.utils.MyListener -%PARSER_ERROR[kvp]- The locator is By.id: currentAddress
13:19:20.991 [main] INFO  com.demoqa.utils.MyListener -%PARSER_ERROR[kvp]- *********************************
13:19:21.165 [main] INFO  com.demoqa.utils.MyListener -%PARSER_ERROR[kvp]- The locator will find By.id: currentAddress
13:19:21.165 [main] INFO  com.demoqa.utils.MyListener -%PARSER_ERROR[kvp]- *********************************
13:19:21.177 [main] INFO  com.demoqa.utils.MyListener -%PARSER_ERROR[kvp]- The locator is By.id: currentAddress
13:19:21.177 [main] INFO  com.demoqa.utils.MyListener -%PARSER_ERROR[kvp]- *********************************
13:19:21.258 [main] INFO  com.demoqa.utils.MyListener -%PARSER_ERROR[kvp]- The locator will find By.id: submit
13:19:21.258 [main] INFO  com.demoqa.utils.MyListener -%PARSER_ERROR[kvp]- *********************************
13:19:21.273 [main] INFO  com.demoqa.utils.MyListener -%PARSER_ERROR[kvp]- The locator is By.id: submit
13:19:21.274 [main] INFO  com.demoqa.utils.MyListener -%PARSER_ERROR[kvp]- *********************************
13:19:22.347 [main] INFO  com.demoqa.utils.MyListener -%PARSER_ERROR[kvp]- Test has a problem
13:19:22.347 [main] INFO  com.demoqa.utils.MyListener -%PARSER_ERROR[kvp]- *********************************
13:19:22.347 [main] INFO  com.demoqa.utils.MyListener -%PARSER_ERROR[kvp]- Method --> click
13:19:22.347 [main] INFO  com.demoqa.utils.MyListener -%PARSER_ERROR[kvp]- *********************************
13:19:22.349 [main] INFO  com.demoqa.utils.MyListener -%PARSER_ERROR[kvp]- TargetException --> org.openqa.selenium.ElementClickInterceptedException: element click intercepted: Element <button id="submit" type="button" class="btn btn-primary">...</button> is not clickable at point (1080, 660). Other element would receive the click: <iframe frameborder="0" src="https://c624d67a203f42bedacd5e8924ff777b.safeframe.googlesyndication.com/safeframe/1-0-45/html/container.html" id="google_ads_iframe_/21849154601,22343295815/Ad.Plus-Anchor_0" title="3rd party ad content" name="" scrolling="no" marginwidth="0" marginheight="0" width="970" height="100" data-is-safeframe="true" sandbox="allow-forms allow-popups allow-popups-to-escape-sandbox allow-same-origin allow-scripts allow-top-navigation-by-user-activation" allow="private-state-token-redemption;attribution-reporting" aria-label="Advertisement" tabindex="0" data-google-container-id="1" style="border: 0px; vertical-align: bottom;" data-load-complete="true"></iframe>
  (Session info: chrome=138.0.7204.98)
Build info: version: '4.26.0', revision: '8ccf0219d7'
System info: os.name: 'Windows 11', os.arch: 'amd64', os.version: '10.0', java.version: '17.0.12'
Driver info: org.openqa.selenium.chrome.ChromeDriver
Command: [4c8994e84bf8e71a88ae318a05c6d37d, clickElement {id=f.0BFDB1F008AD2C69755039C4103CDB2F.d.79F8FF41BC5A47B077D5212C1AB3FF59.e.89}]
Capabilities {acceptInsecureCerts: false, browserName: chrome, browserVersion: 138.0.7204.98, chrome: {chromedriverVersion: 138.0.7204.97 (14f98e519099..., userDataDir: C:\Users\Tetiana\AppData\Lo...}, fedcm:accounts: true, goog:chromeOptions: {debuggerAddress: localhost:62293}, networkConnectionEnabled: false, pageLoadStrategy: normal, platformName: windows, proxy: Proxy(), se:cdp: ws://localhost:62293/devtoo..., se:cdpVersion: 138.0.7204.98, setWindowRect: true, strictFileInteractability: false, timeouts: {implicit: 0, pageLoad: 300000, script: 30000}, unhandledPromptBehavior: dismiss and notify, webauthn:extension:credBlob: true, webauthn:extension:largeBlob: true, webauthn:extension:minPinLength: true, webauthn:extension:prf: true, webauthn:virtualAuthenticators: true}
Element: [[ChromeDriver: chrome on windows (4c8994e84bf8e71a88ae318a05c6d37d)] -> id: submit]
Session ID: 4c8994e84bf8e71a88ae318a05c6d37d
13:19:22.349 [main] INFO  com.demoqa.utils.MyListener -%PARSER_ERROR[kvp]- *********************************
13:19:22.349 [main] INFO  com.demoqa.utils.MyListener -%PARSER_ERROR[kvp]- Object target --> [[ChromeDriver: chrome on windows (4c8994e84bf8e71a88ae318a05c6d37d)] -> id: submit]
13:19:22.349 [main] INFO  com.demoqa.utils.MyListener -%PARSER_ERROR[kvp]- *********************************
13:19:22.357 [main] ERROR com.demoqa.tests.TestBase -%PARSER_ERROR[kvp]- Test result: FAILED keyBoardEventTest
